Graph with 6 vertices and 6 edges 
Adjacencies lists
0	:	1	5
1	:	0	2
2	:	1	3
3	:	2	4
4	:	3	5
5	:	4	0
Edges
0-1: 0
0-5: 5
1-2: 1
2-3: 2
3-4: 3
4-5: 4
Hamiltonian cycle: 0-1-2-3-4-5
Hamiltonian cycle 1: 0-1-2-3-4-5
Hamiltonian cycle 2: 0-5-4-3-2-1
Brelaz coloration of vertices with ( 2 ) colors:
0:	1
1:	2
2:	1
3:	2
4:	1
5:	2
Minimal coloration of vertices with ( 2 ) colors:
0:	1
1:	2
2:	1
3:	2
4:	1
5:	2
Minimal edge coloration:-------------------
Brelaz coloration of vertices with ( 2 ) colors:
0:	1
1:	2
2:	1
3:	2
4:	1
5:	2
Minimal coloration of vertices with ( 2 ) colors:
0:	1
1:	2
2:	1
3:	2
4:	1
5:	2
Edges by their color:
1: 0, 2, 4, 
2: 1, 3, 5, 
Eulerian circuit: 0 - 1 - 2 - 3 - 4 - 5 - 0
Graph with 1 vertices and 1 edges 
Adjacencies lists
0	:	0
Edges
0-0: 0
there's no Hamiltonian cycle
Brelaz coloration of vertices with ( 1 ) colors:
0:	1
Minimal coloration of vertices with ( 1 ) colors:
0:	1
Minimal edge coloration:-------------------
Brelaz coloration of vertices with ( 1 ) colors:
0:	1
Minimal coloration of vertices with ( 1 ) colors:
0:	1
Edges by their color:
1: 0, 
Eulerian circuit: 0 - 0
Graph with 6 vertices and 6 edges 
Adjacencies lists
0	:	1	5
1	:	0	2
2	:	1	3
3	:	2	4
4	:	3	5
5	:	4	0
Edges
0-1: 0
0-5: 5
1-2: 1
2-3: 2
3-4: 3
4-5: 4
Hamiltonian cycle: 0-1-2-3-4-5
Hamiltonian cycle 1: 0-1-2-3-4-5
Hamiltonian cycle 2: 0-5-4-3-2-1
Brelaz coloration of vertices with ( 2 ) colors:
0:	1
1:	2
2:	1
3:	2
4:	1
5:	2
Minimal coloration of vertices with ( 2 ) colors:
0:	1
1:	2
2:	1
3:	2
4:	1
5:	2
Minimal edge coloration:-------------------
Brelaz coloration of vertices with ( 2 ) colors:
0:	1
1:	2
2:	1
3:	2
4:	1
5:	2
Minimal coloration of vertices with ( 2 ) colors:
0:	1
1:	2
2:	1
3:	2
4:	1
5:	2
Edges by their color:
1: 0, 2, 4, 
2: 1, 3, 5, 
Eulerian circuit: 0 - 1 - 2 - 3 - 4 - 5 - 0
