Graph with 30 vertices and 50 edges 
Adjacencies lists
0	:	7	5
1	:	6	8
2	:	3	7
3	:	10	8	2
4	:	9	11
5	:	0	6	10
6	:	13	11	1	5
7	:	0	12	14	2
8	:	3	1	9	13
9	:	16	14	4	8
10	:	3	15	17	5
11	:	6	4	12	16
12	:	19	17	7	11
13	:	6	18	20	8
14	:	9	7	15	19
15	:	22	20	10	14
16	:	9	21	23	11
17	:	12	10	18	22
18	:	25	23	13	17
19	:	12	24	26	14
20	:	15	13	21	25
21	:	28	26	16	20
22	:	15	27	29	17
23	:	18	16	24	28
24	:	29	19	23
25	:	18	20
26	:	21	19	27
27	:	22	26
28	:	21	23
29	:	24	22
Edges
0-7
0-5
1-6
1-8
2-3
2-7
3-10
3-8
4-9
4-11
5-6
5-10
6-13
6-11
7-12
7-14
8-9
8-13
9-16
9-14
10-15
10-17
11-12
11-16
12-19
12-17
13-18
13-20
14-15
14-19
15-22
15-20
16-21
16-23
17-18
17-22
18-25
18-23
19-24
19-26
20-21
20-25
21-28
21-26
22-27
22-29
23-24
23-28
24-29
26-27

Degrees and distances from starting vertex 0
	2	3	4	4	4	4	4	4	3	2		0	3	2	3	2	3	4	5	4	5
	2	2	4	4	4	4	4	4	2	2		3	4	1	2	3	4	3	4	5	6
	2	3	4	4	4	4	4	4	3	2		2	1	4	3	2	3	4	5	4	5
