Graph with 7 vertices and 6 edges 
Adjacencies lists
0	:	6
1	:	6
2	:	6
3	:	6
4	:	6
5	:	6
6	:	0	1	2	3	4	5
Edges
0-6: 0
1-6: 1
2-6: 2
3-6: 3
4-6: 4
5-6: 5
Hamiltonian cycle: there's no Hamiltonian cycle
There's no Hamiltonian cycle
Brelaz coloration of vertices with ( 2 ) colors:
0:	1
1:	1
2:	1
3:	1
4:	1
5:	1
6:	2
Minimal coloration of vertices with ( 2 ) colors:
0:	1
1:	1
2:	1
3:	1
4:	1
5:	1
6:	2
This graph is not eulerian
Graph with 2 vertices and 1 edges 
Adjacencies lists
0	:	1
1	:	0
Edges
0-1: 0
there's no Hamiltonian cycle
Brelaz coloration of vertices with ( 2 ) colors:
0:	1
1:	2
Minimal coloration of vertices with ( 2 ) colors:
0:	1
1:	2
This graph is not eulerian
Graph with 7 vertices and 6 edges 
Adjacencies lists
0	:	6
1	:	6
2	:	6
3	:	6
4	:	6
5	:	6
6	:	0	1	2	3	4	5
Edges
0-6: 0
1-6: 1
2-6: 2
3-6: 3
4-6: 4
5-6: 5
Hamiltonian cycle: there's no Hamiltonian cycle
There's no Hamiltonian cycle
Brelaz coloration of vertices with ( 2 ) colors:
0:	1
1:	1
2:	1
3:	1
4:	1
5:	1
6:	2
Minimal coloration of vertices with ( 2 ) colors:
0:	1
1:	1
2:	1
3:	1
4:	1
5:	1
6:	2
This graph is not eulerian
