Graph with 7 vertices and 12 edges 
Adjacencies lists
0	:	1	6	5
1	:	0	2	6
2	:	1	3	6
3	:	2	4	6
4	:	3	5	6
5	:	4	0	6
6	:	0	1	2	3	4	5
Edges
0-1: 0
0-6: 1
0-5: 10
1-2: 2
1-6: 3
2-3: 4
2-6: 5
3-4: 6
3-6: 7
4-5: 8
4-6: 9
5-6: 11
Hamiltonian cycle: 0-1-2-3-4-5-6
Hamiltonian cycle 1: 0-1-2-3-4-5-6
Hamiltonian cycle 2: 0-1-2-3-4-6-5
Hamiltonian cycle 3: 0-1-2-3-6-4-5
Hamiltonian cycle 4: 0-1-2-6-3-4-5
Hamiltonian cycle 5: 0-1-6-2-3-4-5
Hamiltonian cycle 6: 0-6-1-2-3-4-5
Hamiltonian cycle 7: 0-6-5-4-3-2-1
Hamiltonian cycle 8: 0-5-4-3-2-1-6
Hamiltonian cycle 9: 0-5-4-3-2-6-1
Hamiltonian cycle 10: 0-5-4-3-6-2-1
Hamiltonian cycle 11: 0-5-4-6-3-2-1
Hamiltonian cycle 12: 0-5-6-4-3-2-1
Brelaz coloration of vertices with ( 3 ) colors:
0:	1
1:	2
2:	1
3:	2
4:	1
5:	2
6:	3
Minimal coloration of vertices with ( 3 ) colors:
0:	1
1:	2
2:	1
3:	2
4:	1
5:	2
6:	3
This graph is not eulerian
Graph with 2 vertices and 2 edges 
Adjacencies lists
0	:	0	1
1	:	0
Edges
0-0: 0
0-1: 1
there's no Hamiltonian cycle
Brelaz coloration of vertices with ( 2 ) colors:
0:	1
1:	2
Minimal coloration of vertices with ( 2 ) colors:
0:	1
1:	2
This graph is not eulerian
Graph with 7 vertices and 12 edges 
Adjacencies lists
0	:	1	6	5
1	:	0	2	6
2	:	1	3	6
3	:	2	4	6
4	:	3	5	6
5	:	4	0	6
6	:	0	1	2	3	4	5
Edges
0-1: 0
0-6: 1
0-5: 10
1-2: 2
1-6: 3
2-3: 4
2-6: 5
3-4: 6
3-6: 7
4-5: 8
4-6: 9
5-6: 11
Hamiltonian cycle: 0-1-2-3-4-5-6
Hamiltonian cycle 1: 0-1-2-3-4-5-6
Hamiltonian cycle 2: 0-1-2-3-4-6-5
Hamiltonian cycle 3: 0-1-2-3-6-4-5
Hamiltonian cycle 4: 0-1-2-6-3-4-5
Hamiltonian cycle 5: 0-1-6-2-3-4-5
Hamiltonian cycle 6: 0-6-1-2-3-4-5
Hamiltonian cycle 7: 0-6-5-4-3-2-1
Hamiltonian cycle 8: 0-5-4-3-2-1-6
Hamiltonian cycle 9: 0-5-4-3-2-6-1
Hamiltonian cycle 10: 0-5-4-3-6-2-1
Hamiltonian cycle 11: 0-5-4-6-3-2-1
Hamiltonian cycle 12: 0-5-6-4-3-2-1
Brelaz coloration of vertices with ( 3 ) colors:
0:	1
1:	2
2:	1
3:	2
4:	1
5:	2
6:	3
Minimal coloration of vertices with ( 3 ) colors:
0:	1
1:	2
2:	1
3:	2
4:	1
5:	2
6:	3
This graph is not eulerian
